Build started 12/29/2013 3:23:58 AM.
     1>Project "C:\Programming\Projects\GIT\ai_rts_multiplay\code\AI_RTS_Multiplay\AI_RTS_Multiplay\AI_RTS_Multiplay.vcxproj" on node 2 (Build target(s)).
     1>ClCompile:
         C:\Programming\Tools\VS2012\VC\bin\CL.exe /c /I"C:\Programming\Libraries\SFML-2.0\include" /ZI /nologo /W3 /WX- /sdl- /Od /Oy- /D _MBCS /Gm /EHsc /RTC1 /MDd /GS /fp:precise /Zc:wchar_t /Zc:forScope /Fo"Debug\\" /Fd"Debug\vc110.pdb" /Gd /TP /analyze- /errorReport:prompt Ship.cpp
         Ship.cpp
     1>c:\programming\projects\git\ai_rts_multiplay\code\ai_rts_multiplay\ai_rts_multiplay\ship.cpp(133): warning C4305: 'initializing' : truncation from 'double' to 'float'
     1>c:\programming\projects\git\ai_rts_multiplay\code\ai_rts_multiplay\ai_rts_multiplay\ship.cpp(134): warning C4305: 'initializing' : truncation from 'double' to 'float'
     1>c:\programming\projects\git\ai_rts_multiplay\code\ai_rts_multiplay\ai_rts_multiplay\ship.cpp(135): warning C4305: 'initializing' : truncation from 'double' to 'float'
       Link:
         C:\Programming\Tools\VS2012\VC\bin\link.exe /ERRORREPORT:PROMPT /OUT:"C:\Programming\Projects\GIT\ai_rts_multiplay\code\AI_RTS_Multiplay\Debug\AI_RTS_Multiplay.exe" /INCREMENTAL /NOLOGO /LIBPATH:"C:\Programming\Libraries\SFML-2.0\build\lib\Debug" "sfml-graphics-d.lib" "sfml-system-d.lib" "sfml-window-d.lib" kernel32.lib user32.lib gdi32.lib winspool.lib comdlg32.lib advapi32.lib shell32.lib ole32.lib oleaut32.lib uuid.lib odbc32.lib odbccp32.lib /MANIFEST /MANIFESTUAC:"level='asInvoker' uiAccess='false'" /manifest:embed /DEBUG /PDB:"C:\Programming\Projects\GIT\ai_rts_multiplay\code\AI_RTS_Multiplay\Debug\AI_RTS_Multiplay.pdb" /TLBID:1 /DYNAMICBASE /NXCOMPAT /IMPLIB:"C:\Programming\Projects\GIT\ai_rts_multiplay\code\AI_RTS_Multiplay\Debug\AI_RTS_Multiplay.lib" /MACHINE:X86 Debug\Current.obj
         Debug\Drag.obj
         Debug\Force.obj
         Debug\Movable.obj
         Debug\PhysicsEngine.obj
         Debug\pi.obj
         Debug\RenderModel.obj
         Debug\Ship.obj
         Debug\Source.obj
         Debug\Target.obj
         AI_RTS_Multiplay.vcxproj -> C:\Programming\Projects\GIT\ai_rts_multiplay\code\AI_RTS_Multiplay\Debug\AI_RTS_Multiplay.exe
     1>Done Building Project "C:\Programming\Projects\GIT\ai_rts_multiplay\code\AI_RTS_Multiplay\AI_RTS_Multiplay\AI_RTS_Multiplay.vcxproj" (Build target(s)).

Build succeeded.

Time Elapsed 00:00:01.16
